2024-09-09 16:48:31,261 [Worker-5: Loading available Gradle versions] INFO  o.e.b.c.i.u.g.PublishedGradleVersions - Gradle version information cache is not available. Remote download required.
2024-09-10 09:01:45,939 [Worker-1: Loading available Gradle versions] INFO  o.e.b.c.i.u.g.PublishedGradleVersions - Gradle version information cache is up-to-date. Trying to read.
2024-09-11 09:04:34,789 [Worker-4: Loading available Gradle versions] INFO  o.e.b.c.i.u.g.PublishedGradleVersions - Gradle version information cache is out-of-date. Trying to update.
2024-09-11 11:00:12,279 [Worker-1: Loading available Gradle versions] INFO  o.e.b.c.i.u.g.PublishedGradleVersions - Gradle version information cache is up-to-date. Trying to read.
2024-09-11 13:59:37,274 [Worker-5: Loading available Gradle versions] INFO  o.e.b.c.i.u.g.PublishedGradleVersions - Gradle version information cache is up-to-date. Trying to read.
2024-09-12 09:06:56,190 [Worker-6: Loading available Gradle versions] INFO  o.e.b.c.i.u.g.PublishedGradleVersions - Gradle version information cache is out-of-date. Trying to update.
2024-09-12 10:54:59,155 [Worker-1: Loading available Gradle versions] INFO  o.e.b.c.i.u.g.PublishedGradleVersions - Gradle version information cache is up-to-date. Trying to read.
2024-09-13 22:45:17,252 [Worker-2: Loading available Gradle versions] INFO  o.e.b.c.i.u.g.PublishedGradleVersions - Gradle version information cache is out-of-date. Trying to update.
2024-09-13 22:46:04,814 [Worker-6: Loading available Gradle versions] INFO  o.e.b.c.i.u.g.PublishedGradleVersions - Gradle version information cache is up-to-date. Trying to read.
2024-09-13 22:47:00,953 [Worker-4: Loading available Gradle versions] INFO  o.e.b.c.i.u.g.PublishedGradleVersions - Gradle version information cache is up-to-date. Trying to read.
2024-09-13 22:47:52,657 [Worker-10: Building] INFO  o.e.m.c.i.l.LifecycleMappingFactory - Using org.eclipse.m2e.jdt.JarLifecycleMapping lifecycle mapping for MavenProject: aaa:bbb:0.0.1-SNAPSHOT @ D:\project\systex_practice\bbb\pom.xml.
2024-09-13 22:47:53,840 [Worker-10: Building] WARN  o.a.m.s.f.DefaultMavenResourcesFiltering - Using platform encoding (UTF-8 actually) to copy filtered resources, i.e. build is platform dependent!
2024-09-13 22:47:53,846 [Worker-10: Building] INFO  o.a.m.s.f.DefaultMavenResourcesFiltering - Copying 0 resource from src\main\resources to target\classes
2024-09-13 22:47:53,852 [Worker-10: Building] WARN  o.a.m.s.f.DefaultMavenResourcesFiltering - Using platform encoding (UTF-8 actually) to copy filtered resources, i.e. build is platform dependent!
2024-09-13 22:47:53,853 [Worker-10: Building] INFO  o.a.m.s.f.DefaultMavenResourcesFiltering - Copying 0 resource from src\test\resources to target\test-classes
2024-09-13 22:47:55,337 [Worker-10: Building] INFO  o.e.m.c.i.l.LifecycleMappingFactory - Using org.eclipse.m2e.jdt.JarLifecycleMapping lifecycle mapping for MavenProject: systex_prac:systex_prac:0.0.1-SNAPSHOT @ D:\project\systex_practice\systex_prac\pom.xml.
2024-09-13 22:47:55,579 [Worker-10: Building] WARN  o.a.m.s.f.DefaultMavenResourcesFiltering - Using platform encoding (UTF-8 actually) to copy filtered resources, i.e. build is platform dependent!
2024-09-13 22:47:55,581 [Worker-10: Building] INFO  o.a.m.s.f.DefaultMavenResourcesFiltering - skip non existing resourceDirectory D:\project\systex_practice\systex_prac\src\main\resources
2024-09-13 22:47:55,583 [Worker-10: Building] WARN  o.a.m.s.f.DefaultMavenResourcesFiltering - Using platform encoding (UTF-8 actually) to copy filtered resources, i.e. build is platform dependent!
2024-09-13 22:47:55,584 [Worker-10: Building] INFO  o.a.m.s.f.DefaultMavenResourcesFiltering - skip non existing resourceDirectory D:\project\systex_practice\systex_prac\src\test\resources
2024-09-13 22:55:50,367 [Worker-13: Building] INFO  o.e.m.c.i.l.LifecycleMappingFactory - Using org.eclipse.m2e.jdt.JarLifecycleMapping lifecycle mapping for MavenProject: systex_prac:systex_prac:0.0.1-SNAPSHOT @ D:\project\systex_practice\systex_prac\pom.xml.
2024-09-13 22:55:50,394 [Worker-13: Building] WARN  o.a.m.s.f.DefaultMavenResourcesFiltering - Using platform encoding (UTF-8 actually) to copy filtered resources, i.e. build is platform dependent!
2024-09-13 22:55:50,395 [Worker-13: Building] INFO  o.a.m.s.f.DefaultMavenResourcesFiltering - skip non existing resourceDirectory D:\project\systex_practice\systex_prac\src\main\resources
2024-09-13 22:55:50,398 [Worker-13: Building] WARN  o.a.m.s.f.DefaultMavenResourcesFiltering - Using platform encoding (UTF-8 actually) to copy filtered resources, i.e. build is platform dependent!
2024-09-13 22:55:50,399 [Worker-13: Building] INFO  o.a.m.s.f.DefaultMavenResourcesFiltering - skip non existing resourceDirectory D:\project\systex_practice\systex_prac\src\test\resources
2024-09-13 22:56:32,434 [Worker-14: Building] WARN  o.a.m.s.f.DefaultMavenResourcesFiltering - Using platform encoding (UTF-8 actually) to copy filtered resources, i.e. build is platform dependent!
2024-09-13 22:56:32,435 [Worker-14: Building] INFO  o.a.m.s.f.DefaultMavenResourcesFiltering - skip non existing resourceDirectory D:\project\systex_practice\systex_prac\src\main\resources
2024-09-13 22:56:32,439 [Worker-14: Building] WARN  o.a.m.s.f.DefaultMavenResourcesFiltering - Using platform encoding (UTF-8 actually) to copy filtered resources, i.e. build is platform dependent!
2024-09-13 22:56:32,441 [Worker-14: Building] INFO  o.a.m.s.f.DefaultMavenResourcesFiltering - skip non existing resourceDirectory D:\project\systex_practice\systex_prac\src\test\resources
2024-09-13 22:58:36,410 [Worker-4: Building] WARN  o.a.m.s.f.DefaultMavenResourcesFiltering - Using platform encoding (UTF-8 actually) to copy filtered resources, i.e. build is platform dependent!
2024-09-13 22:58:36,411 [Worker-4: Building] INFO  o.a.m.s.f.DefaultMavenResourcesFiltering - skip non existing resourceDirectory D:\project\systex_practice\systex_prac\src\main\resources
2024-09-13 22:58:36,415 [Worker-4: Building] WARN  o.a.m.s.f.DefaultMavenResourcesFiltering - Using platform encoding (UTF-8 actually) to copy filtered resources, i.e. build is platform dependent!
2024-09-13 22:58:36,416 [Worker-4: Building] INFO  o.a.m.s.f.DefaultMavenResourcesFiltering - skip non existing resourceDirectory D:\project\systex_practice\systex_prac\src\test\resources
2024-09-13 22:59:04,477 [Worker-14: Building] WARN  o.a.m.s.f.DefaultMavenResourcesFiltering - Using platform encoding (UTF-8 actually) to copy filtered resources, i.e. build is platform dependent!
2024-09-13 22:59:04,478 [Worker-14: Building] INFO  o.a.m.s.f.DefaultMavenResourcesFiltering - skip non existing resourceDirectory D:\project\systex_practice\systex_prac\src\main\resources
2024-09-13 22:59:04,480 [Worker-14: Building] WARN  o.a.m.s.f.DefaultMavenResourcesFiltering - Using platform encoding (UTF-8 actually) to copy filtered resources, i.e. build is platform dependent!
2024-09-13 22:59:04,481 [Worker-14: Building] INFO  o.a.m.s.f.DefaultMavenResourcesFiltering - skip non existing resourceDirectory D:\project\systex_practice\systex_prac\src\test\resources
2024-09-13 23:06:58,002 [Worker-13: Building] WARN  o.a.m.s.f.DefaultMavenResourcesFiltering - Using platform encoding (UTF-8 actually) to copy filtered resources, i.e. build is platform dependent!
2024-09-13 23:06:58,003 [Worker-13: Building] INFO  o.a.m.s.f.DefaultMavenResourcesFiltering - skip non existing resourceDirectory D:\project\systex_practice\systex_prac\src\main\resources
2024-09-13 23:06:58,004 [Worker-13: Building] WARN  o.a.m.s.f.DefaultMavenResourcesFiltering - Using platform encoding (UTF-8 actually) to copy filtered resources, i.e. build is platform dependent!
2024-09-13 23:06:58,005 [Worker-13: Building] INFO  o.a.m.s.f.DefaultMavenResourcesFiltering - skip non existing resourceDirectory D:\project\systex_practice\systex_prac\src\test\resources
2024-09-13 23:08:47,072 [Worker-21: Building] WARN  o.a.m.s.f.DefaultMavenResourcesFiltering - Using platform encoding (UTF-8 actually) to copy filtered resources, i.e. build is platform dependent!
2024-09-13 23:08:47,073 [Worker-21: Building] INFO  o.a.m.s.f.DefaultMavenResourcesFiltering - skip non existing resourceDirectory D:\project\systex_practice\systex_prac\src\main\resources
2024-09-13 23:08:47,077 [Worker-21: Building] WARN  o.a.m.s.f.DefaultMavenResourcesFiltering - Using platform encoding (UTF-8 actually) to copy filtered resources, i.e. build is platform dependent!
2024-09-13 23:08:47,078 [Worker-21: Building] INFO  o.a.m.s.f.DefaultMavenResourcesFiltering - skip non existing resourceDirectory D:\project\systex_practice\systex_prac\src\test\resources
2024-09-13 23:10:11,738 [Worker-13: Building] WARN  o.a.m.s.f.DefaultMavenResourcesFiltering - Using platform encoding (UTF-8 actually) to copy filtered resources, i.e. build is platform dependent!
2024-09-13 23:10:11,739 [Worker-13: Building] INFO  o.a.m.s.f.DefaultMavenResourcesFiltering - skip non existing resourceDirectory D:\project\systex_practice\systex_prac\src\main\resources
2024-09-13 23:10:11,742 [Worker-13: Building] WARN  o.a.m.s.f.DefaultMavenResourcesFiltering - Using platform encoding (UTF-8 actually) to copy filtered resources, i.e. build is platform dependent!
2024-09-13 23:10:11,743 [Worker-13: Building] INFO  o.a.m.s.f.DefaultMavenResourcesFiltering - skip non existing resourceDirectory D:\project\systex_practice\systex_prac\src\test\resources
2024-09-13 23:12:02,303 [Worker-13: Building] WARN  o.a.m.s.f.DefaultMavenResourcesFiltering - Using platform encoding (UTF-8 actually) to copy filtered resources, i.e. build is platform dependent!
2024-09-13 23:12:02,304 [Worker-13: Building] INFO  o.a.m.s.f.DefaultMavenResourcesFiltering - skip non existing resourceDirectory D:\project\systex_practice\systex_prac\src\main\resources
2024-09-13 23:12:02,334 [Worker-13: Building] WARN  o.a.m.s.f.DefaultMavenResourcesFiltering - Using platform encoding (UTF-8 actually) to copy filtered resources, i.e. build is platform dependent!
2024-09-13 23:12:02,335 [Worker-13: Building] INFO  o.a.m.s.f.DefaultMavenResourcesFiltering - skip non existing resourceDirectory D:\project\systex_practice\systex_prac\src\test\resources
2024-09-13 23:12:14,777 [Worker-13: Building] WARN  o.a.m.s.f.DefaultMavenResourcesFiltering - Using platform encoding (UTF-8 actually) to copy filtered resources, i.e. build is platform dependent!
2024-09-13 23:12:14,778 [Worker-13: Building] INFO  o.a.m.s.f.DefaultMavenResourcesFiltering - skip non existing resourceDirectory D:\project\systex_practice\systex_prac\src\main\resources
2024-09-13 23:12:14,780 [Worker-13: Building] WARN  o.a.m.s.f.DefaultMavenResourcesFiltering - Using platform encoding (UTF-8 actually) to copy filtered resources, i.e. build is platform dependent!
2024-09-13 23:12:14,781 [Worker-13: Building] INFO  o.a.m.s.f.DefaultMavenResourcesFiltering - skip non existing resourceDirectory D:\project\systex_practice\systex_prac\src\test\resources
2024-09-13 23:13:04,059 [Worker-24: Building] WARN  o.a.m.s.f.DefaultMavenResourcesFiltering - Using platform encoding (UTF-8 actually) to copy filtered resources, i.e. build is platform dependent!
2024-09-13 23:13:04,060 [Worker-24: Building] INFO  o.a.m.s.f.DefaultMavenResourcesFiltering - skip non existing resourceDirectory D:\project\systex_practice\systex_prac\src\main\resources
2024-09-13 23:13:04,061 [Worker-24: Building] WARN  o.a.m.s.f.DefaultMavenResourcesFiltering - Using platform encoding (UTF-8 actually) to copy filtered resources, i.e. build is platform dependent!
2024-09-13 23:13:04,063 [Worker-24: Building] INFO  o.a.m.s.f.DefaultMavenResourcesFiltering - skip non existing resourceDirectory D:\project\systex_practice\systex_prac\src\test\resources
2024-09-13 23:13:59,399 [Worker-24: Building] WARN  o.a.m.s.f.DefaultMavenResourcesFiltering - Using platform encoding (UTF-8 actually) to copy filtered resources, i.e. build is platform dependent!
2024-09-13 23:13:59,400 [Worker-24: Building] INFO  o.a.m.s.f.DefaultMavenResourcesFiltering - skip non existing resourceDirectory D:\project\systex_practice\systex_prac\src\main\resources
2024-09-13 23:13:59,404 [Worker-24: Building] WARN  o.a.m.s.f.DefaultMavenResourcesFiltering - Using platform encoding (UTF-8 actually) to copy filtered resources, i.e. build is platform dependent!
2024-09-13 23:13:59,405 [Worker-24: Building] INFO  o.a.m.s.f.DefaultMavenResourcesFiltering - skip non existing resourceDirectory D:\project\systex_practice\systex_prac\src\test\resources
2024-09-13 23:14:36,256 [Worker-13: Building] WARN  o.a.m.s.f.DefaultMavenResourcesFiltering - Using platform encoding (UTF-8 actually) to copy filtered resources, i.e. build is platform dependent!
2024-09-13 23:14:36,257 [Worker-13: Building] INFO  o.a.m.s.f.DefaultMavenResourcesFiltering - skip non existing resourceDirectory D:\project\systex_practice\systex_prac\src\main\resources
2024-09-13 23:14:36,259 [Worker-13: Building] WARN  o.a.m.s.f.DefaultMavenResourcesFiltering - Using platform encoding (UTF-8 actually) to copy filtered resources, i.e. build is platform dependent!
2024-09-13 23:14:36,260 [Worker-13: Building] INFO  o.a.m.s.f.DefaultMavenResourcesFiltering - skip non existing resourceDirectory D:\project\systex_practice\systex_prac\src\test\resources
2024-09-13 23:15:24,661 [Worker-22: Building] WARN  o.a.m.s.f.DefaultMavenResourcesFiltering - Using platform encoding (UTF-8 actually) to copy filtered resources, i.e. build is platform dependent!
2024-09-13 23:15:24,661 [Worker-22: Building] INFO  o.a.m.s.f.DefaultMavenResourcesFiltering - skip non existing resourceDirectory D:\project\systex_practice\systex_prac\src\main\resources
2024-09-13 23:15:24,663 [Worker-22: Building] WARN  o.a.m.s.f.DefaultMavenResourcesFiltering - Using platform encoding (UTF-8 actually) to copy filtered resources, i.e. build is platform dependent!
2024-09-13 23:15:24,664 [Worker-22: Building] INFO  o.a.m.s.f.DefaultMavenResourcesFiltering - skip non existing resourceDirectory D:\project\systex_practice\systex_prac\src\test\resources
2024-09-14 00:20:35,681 [Worker-33: Building] WARN  o.a.m.s.f.DefaultMavenResourcesFiltering - Using platform encoding (UTF-8 actually) to copy filtered resources, i.e. build is platform dependent!
2024-09-14 00:20:35,682 [Worker-33: Building] INFO  o.a.m.s.f.DefaultMavenResourcesFiltering - skip non existing resourceDirectory D:\project\systex_practice\systex_prac\src\main\resources
2024-09-14 00:20:35,685 [Worker-33: Building] WARN  o.a.m.s.f.DefaultMavenResourcesFiltering - Using platform encoding (UTF-8 actually) to copy filtered resources, i.e. build is platform dependent!
2024-09-14 00:20:35,686 [Worker-33: Building] INFO  o.a.m.s.f.DefaultMavenResourcesFiltering - skip non existing resourceDirectory D:\project\systex_practice\systex_prac\src\test\resources
2024-09-14 00:26:03,300 [Worker-35: Building] INFO  o.e.m.c.i.l.LifecycleMappingFactory - Using org.eclipse.m2e.jdt.JarLifecycleMapping lifecycle mapping for MavenProject: systex_prac:systex_prac:0.0.1-SNAPSHOT @ D:\project\systex_practice\systex_prac\pom.xml.
2024-09-14 00:26:03,309 [Worker-35: Building] INFO  o.e.m.c.i.p.WorkspaceClassifierResolverManager - Resolving P/bbb: aaa:bbb:0.0.1-SNAPSHOT with classifier  to /bbb/target/classes
2024-09-14 00:26:03,337 [Worker-35: Building] WARN  o.a.m.s.f.DefaultMavenResourcesFiltering - Using platform encoding (UTF-8 actually) to copy filtered resources, i.e. build is platform dependent!
2024-09-14 00:26:03,339 [Worker-35: Building] INFO  o.a.m.s.f.DefaultMavenResourcesFiltering - skip non existing resourceDirectory D:\project\systex_practice\systex_prac\src\main\resources
2024-09-14 00:26:03,340 [Worker-35: Building] WARN  o.a.m.s.f.DefaultMavenResourcesFiltering - Using platform encoding (UTF-8 actually) to copy filtered resources, i.e. build is platform dependent!
2024-09-14 00:26:03,342 [Worker-35: Building] INFO  o.a.m.s.f.DefaultMavenResourcesFiltering - skip non existing resourceDirectory D:\project\systex_practice\systex_prac\src\test\resources
2024-09-14 00:26:04,478 [Worker-37: Building] WARN  o.a.m.s.f.DefaultMavenResourcesFiltering - Using platform encoding (UTF-8 actually) to copy filtered resources, i.e. build is platform dependent!
2024-09-14 00:26:04,480 [Worker-37: Building] INFO  o.a.m.s.f.DefaultMavenResourcesFiltering - skip non existing resourceDirectory D:\project\systex_practice\systex_prac\src\main\resources
2024-09-14 00:26:04,482 [Worker-37: Building] WARN  o.a.m.s.f.DefaultMavenResourcesFiltering - Using platform encoding (UTF-8 actually) to copy filtered resources, i.e. build is platform dependent!
2024-09-14 00:26:04,483 [Worker-37: Building] INFO  o.a.m.s.f.DefaultMavenResourcesFiltering - skip non existing resourceDirectory D:\project\systex_practice\systex_prac\src\test\resources
2024-09-14 00:26:34,922 [Worker-36: Building] WARN  o.a.m.s.f.DefaultMavenResourcesFiltering - Using platform encoding (UTF-8 actually) to copy filtered resources, i.e. build is platform dependent!
2024-09-14 00:26:34,923 [Worker-36: Building] INFO  o.a.m.s.f.DefaultMavenResourcesFiltering - skip non existing resourceDirectory D:\project\systex_practice\systex_prac\src\main\resources
2024-09-14 00:26:34,925 [Worker-36: Building] WARN  o.a.m.s.f.DefaultMavenResourcesFiltering - Using platform encoding (UTF-8 actually) to copy filtered resources, i.e. build is platform dependent!
2024-09-14 00:26:34,925 [Worker-36: Building] INFO  o.a.m.s.f.DefaultMavenResourcesFiltering - skip non existing resourceDirectory D:\project\systex_practice\systex_prac\src\test\resources
2024-09-14 00:26:44,382 [Worker-36: Launching Lottery] INFO  o.e.m.c.i.p.WorkspaceClassifierResolverManager - Resolving P/bbb: aaa:bbb:0.0.1-SNAPSHOT with classifier null to /bbb/target/classes
2024-09-14 00:26:44,390 [Worker-36: Launching Lottery] INFO  o.e.m.c.i.p.WorkspaceClassifierResolverManager - Resolving P/bbb: aaa:bbb:0.0.1-SNAPSHOT with classifier null to /bbb/target/classes
2024-09-14 00:26:44,396 [Worker-36: Launching Lottery] INFO  o.e.m.c.i.p.WorkspaceClassifierResolverManager - Resolving P/bbb: aaa:bbb:0.0.1-SNAPSHOT with classifier null to /bbb/target/classes
2024-09-14 00:30:12,736 [Worker-40: Building] WARN  o.a.m.s.f.DefaultMavenResourcesFiltering - Using platform encoding (UTF-8 actually) to copy filtered resources, i.e. build is platform dependent!
2024-09-14 00:30:12,737 [Worker-40: Building] INFO  o.a.m.s.f.DefaultMavenResourcesFiltering - skip non existing resourceDirectory D:\project\systex_practice\systex_prac\src\main\resources
2024-09-14 00:30:12,739 [Worker-40: Building] WARN  o.a.m.s.f.DefaultMavenResourcesFiltering - Using platform encoding (UTF-8 actually) to copy filtered resources, i.e. build is platform dependent!
2024-09-14 00:30:12,740 [Worker-40: Building] INFO  o.a.m.s.f.DefaultMavenResourcesFiltering - skip non existing resourceDirectory D:\project\systex_practice\systex_prac\src\test\resources
2024-09-14 00:30:14,882 [Worker-38: Launching Lottery] INFO  o.e.m.c.i.p.WorkspaceClassifierResolverManager - Resolving P/bbb: aaa:bbb:0.0.1-SNAPSHOT with classifier null to /bbb/target/classes
2024-09-14 00:30:14,886 [Worker-38: Launching Lottery] INFO  o.e.m.c.i.p.WorkspaceClassifierResolverManager - Resolving P/bbb: aaa:bbb:0.0.1-SNAPSHOT with classifier null to /bbb/target/classes
2024-09-14 00:30:14,891 [Worker-38: Launching Lottery] INFO  o.e.m.c.i.p.WorkspaceClassifierResolverManager - Resolving P/bbb: aaa:bbb:0.0.1-SNAPSHOT with classifier null to /bbb/target/classes
2024-09-14 00:30:21,464 [Worker-42: Launching Lottery] INFO  o.e.m.c.i.p.WorkspaceClassifierResolverManager - Resolving P/bbb: aaa:bbb:0.0.1-SNAPSHOT with classifier null to /bbb/target/classes
2024-09-14 00:30:21,469 [Worker-42: Launching Lottery] INFO  o.e.m.c.i.p.WorkspaceClassifierResolverManager - Resolving P/bbb: aaa:bbb:0.0.1-SNAPSHOT with classifier null to /bbb/target/classes
2024-09-14 00:30:21,473 [Worker-42: Launching Lottery] INFO  o.e.m.c.i.p.WorkspaceClassifierResolverManager - Resolving P/bbb: aaa:bbb:0.0.1-SNAPSHOT with classifier null to /bbb/target/classes
